<?xml version="1.0" encoding="UTF-8"?>
<!-- Generated by org.testng.reporters.JUnitXMLReporter -->
<testsuite ignored="3" hostname="DESKTOP-UOAU3OU" failures="0" tests="1" name="Test2" time="20.696" errors="0" timestamp="2024-12-03T20:40:00 IST">
  <testcase classname="SeleniumAutomation.Opencart.SIT" name="searchBox" time="14.065"/>
  <testcase classname="SeleniumAutomation.Opencart.SIT" name="placeorder" time="0.0">
    <ignored/>
  </testcase> <!-- placeorder -->
  <testcase classname="SeleniumAutomation.Opencart.SIT" name="javactions" time="0.0">
    <ignored/>
  </testcase> <!-- javactions -->
  <testcase classname="SeleniumAutomation.Opencart.SIT" name="brokenLinks" time="0.0">
    <ignored/>
  </testcase> <!-- brokenLinks -->
</testsuite> <!-- Test2 -->
