<?xml version="1.0" encoding="UTF-8"?>
<!-- Generated by org.testng.reporters.JUnitXMLReporter -->
<testsuite ignored="3" hostname="DESKTOP-HDQ345V" failures="0" tests="1" name="Test4" time="12.801" errors="0" timestamp="2025-01-02T13:04:18 IST">
  <testcase classname="SeleniumAutomation.Opencart.SIT" name="brokenLinks" time="5.135"/>
  <testcase classname="SeleniumAutomation.Opencart.SIT" name="javactions" time="0.0">
    <ignored/>
  </testcase> <!-- javactions -->
  <testcase classname="SeleniumAutomation.Opencart.SIT" name="placeorder" time="0.0">
    <ignored/>
  </testcase> <!-- placeorder -->
  <testcase classname="SeleniumAutomation.Opencart.SIT" name="searchBox" time="0.0">
    <ignored/>
  </testcase> <!-- searchBox -->
</testsuite> <!-- Test4 -->
