<?xml version="1.0" encoding="UTF-8"?>
<!-- Generated by org.testng.reporters.JUnitXMLReporter -->
<testsuite ignored="3" hostname="DESKTOP-HDQ345V" failures="0" tests="1" name="Test" time="18.838" errors="0" timestamp="2024-12-21T18:58:11 IST">
  <testcase classname="SeleniumAutomation.Opencart.SIT" name="placeorder" time="13.053"/>
  <testcase classname="SeleniumAutomation.Opencart.SIT" name="searchBox" time="0.0">
    <ignored/>
  </testcase> <!-- searchBox -->
  <testcase classname="SeleniumAutomation.Opencart.SIT" name="brokenLinks" time="0.0">
    <ignored/>
  </testcase> <!-- brokenLinks -->
  <testcase classname="SeleniumAutomation.Opencart.SIT" name="javactions" time="0.0">
    <ignored/>
  </testcase> <!-- javactions -->
</testsuite> <!-- Test -->
