<?xml version="1.0" encoding="UTF-8"?>
<!-- Generated by org.testng.reporters.JUnitXMLReporter -->
<testsuite ignored="3" hostname="DESKTOP-UOAU3OU" failures="0" tests="1" name="Test" time="18.437" errors="0" timestamp="2024-12-03T20:38:43 IST">
  <testcase classname="SeleniumAutomation.Opencart.SIT" name="placeorder" time="10.746"/>
  <testcase classname="SeleniumAutomation.Opencart.SIT" name="javactions" time="0.0">
    <ignored/>
  </testcase> <!-- javactions -->
  <testcase classname="SeleniumAutomation.Opencart.SIT" name="brokenLinks" time="0.0">
    <ignored/>
  </testcase> <!-- brokenLinks -->
  <testcase classname="SeleniumAutomation.Opencart.SIT" name="searchBox" time="0.0">
    <ignored/>
  </testcase> <!-- searchBox -->
</testsuite> <!-- Test -->
