<?xml version="1.0" encoding="UTF-8"?>
<testng-results ignored="2" total="4" passed="2" failed="0" skipped="0">
  <reporter-output>
  </reporter-output>
  <suite started-at="2024-11-30T13:56:12 IST" name="Openacart" finished-at="2024-11-30T13:56:28 IST" duration-ms="15688">
    <groups>
    </groups>
    <test started-at="2024-11-30T13:56:12 IST" name="Test" finished-at="2024-11-30T13:56:24 IST" duration-ms="12287">
      <class name="SeleniumAutomation.Opencart.SIT">
        <test-method is-config="true" signature="initilize(org.testng.ITestContext)[pri:0, instance:SeleniumAutomation.Opencart.SIT@273444fe]" started-at="2024-11-30T13:56:12 IST" name="initilize" finished-at="2024-11-30T13:56:16 IST" duration-ms="4049" status="PASS">
          <params>
            <param index="0">
              <value>
                <![CDATA[org.testng.TestRunner@415b0b49]]>
              </value>
            </param>
          </params>
          <reporter-output>
          </reporter-output>
        </test-method> <!-- initilize -->
        <test-method signature="placeorder(java.util.HashMap)[pri:0, instance:SeleniumAutomation.Opencart.SIT@273444fe]" started-at="2024-11-30T13:56:16 IST" name="placeorder" data-provider="readData" finished-at="2024-11-30T13:56:24 IST" duration-ms="7722" status="PASS">
          <params>
            <param index="0">
              <value>
                <![CDATA[{product=Nikon D300}]]>
              </value>
            </param>
          </params>
          <reporter-output>
          </reporter-output>
        </test-method> <!-- placeorder -->
        <test-method is-config="true" signature="quit()[pri:0, instance:SeleniumAutomation.Opencart.SIT@273444fe]" started-at="2024-11-30T13:56:24 IST" name="quit" finished-at="2024-11-30T13:56:24 IST" duration-ms="306" status="PASS">
          <reporter-output>
          </reporter-output>
        </test-method> <!-- quit -->
      </class> <!-- SeleniumAutomation.Opencart.SIT -->
    </test> <!-- Test -->
    <test started-at="2024-11-30T13:56:12 IST" name="Test2" finished-at="2024-11-30T13:56:28 IST" duration-ms="15688">
      <class name="SeleniumAutomation.Opencart.SIT">
        <test-method is-config="true" signature="initilize(org.testng.ITestContext)[pri:0, instance:SeleniumAutomation.Opencart.SIT@5745ca0e]" started-at="2024-11-30T13:56:12 IST" name="initilize" finished-at="2024-11-30T13:56:16 IST" duration-ms="3804" status="PASS">
          <params>
            <param index="0">
              <value>
                <![CDATA[org.testng.TestRunner@6d5620ce]]>
              </value>
            </param>
          </params>
          <reporter-output>
          </reporter-output>
        </test-method> <!-- initilize -->
        <test-method signature="searchBox(java.util.HashMap)[pri:0, instance:SeleniumAutomation.Opencart.SIT@5745ca0e]" started-at="2024-11-30T13:56:16 IST" name="searchBox" data-provider="searchboxdata" finished-at="2024-11-30T13:56:27 IST" duration-ms="11481" status="PASS">
          <params>
            <param index="0">
              <value>
                <![CDATA[{product=iPod Classic}]]>
              </value>
            </param>
          </params>
          <reporter-output>
          </reporter-output>
        </test-method> <!-- searchBox -->
        <test-method is-config="true" signature="quit()[pri:0, instance:SeleniumAutomation.Opencart.SIT@5745ca0e]" started-at="2024-11-30T13:56:27 IST" name="quit" finished-at="2024-11-30T13:56:28 IST" duration-ms="197" status="PASS">
          <reporter-output>
          </reporter-output>
        </test-method> <!-- quit -->
      </class> <!-- SeleniumAutomation.Opencart.SIT -->
    </test> <!-- Test2 -->
  </suite> <!-- Openacart -->
</testng-results>
