<?xml version="1.0" encoding="UTF-8"?>
<testng-results ignored="12" total="16" passed="4" failed="0" skipped="0">
  <reporter-output>
  </reporter-output>
  <suite started-at="2024-12-21T16:20:05 IST" name="Openacart" finished-at="2024-12-21T16:20:21 IST" duration-ms="16414">
    <groups>
    </groups>
    <test started-at="2024-12-21T16:20:05 IST" name="Test3" finished-at="2024-12-21T16:20:12 IST" duration-ms="7185">
      <class name="SeleniumAutomation.Opencart.SIT">
        <test-method is-config="true" signature="initilize(org.testng.ITestContext)[pri:0, instance:SeleniumAutomation.Opencart.SIT@15a34df2]" started-at="2024-12-21T16:20:05 IST" name="initilize" finished-at="2024-12-21T16:20:10 IST" duration-ms="5186" status="PASS">
          <params>
            <param index="0">
              <value>
                <![CDATA[org.testng.TestRunner@13526e59]]>
              </value>
            </param>
          </params>
          <reporter-output>
          </reporter-output>
        </test-method> <!-- initilize -->
        <test-method signature="javactions()[pri:0, instance:SeleniumAutomation.Opencart.SIT@15a34df2]" started-at="2024-12-21T16:20:10 IST" name="javactions" finished-at="2024-12-21T16:20:10 IST" duration-ms="396" status="PASS">
          <reporter-output>
          </reporter-output>
        </test-method> <!-- javactions -->
        <test-method is-config="true" signature="quit()[pri:0, instance:SeleniumAutomation.Opencart.SIT@15a34df2]" started-at="2024-12-21T16:20:10 IST" name="quit" finished-at="2024-12-21T16:20:12 IST" duration-ms="1549" status="PASS">
          <reporter-output>
          </reporter-output>
        </test-method> <!-- quit -->
      </class> <!-- SeleniumAutomation.Opencart.SIT -->
    </test> <!-- Test3 -->
    <test started-at="2024-12-21T16:20:05 IST" name="Test4" finished-at="2024-12-21T16:20:17 IST" duration-ms="12737">
      <class name="SeleniumAutomation.Opencart.SIT">
        <test-method is-config="true" signature="initilize(org.testng.ITestContext)[pri:0, instance:SeleniumAutomation.Opencart.SIT@48e1f6c7]" started-at="2024-12-21T16:20:05 IST" name="initilize" finished-at="2024-12-21T16:20:09 IST" duration-ms="4539" status="PASS">
          <params>
            <param index="0">
              <value>
                <![CDATA[org.testng.TestRunner@503f91c3]]>
              </value>
            </param>
          </params>
          <reporter-output>
          </reporter-output>
        </test-method> <!-- initilize -->
        <test-method signature="brokenLinks()[pri:0, instance:SeleniumAutomation.Opencart.SIT@48e1f6c7]" started-at="2024-12-21T16:20:09 IST" name="brokenLinks" finished-at="2024-12-21T16:20:17 IST" duration-ms="7437" status="PASS">
          <reporter-output>
          </reporter-output>
        </test-method> <!-- brokenLinks -->
        <test-method is-config="true" signature="quit()[pri:0, instance:SeleniumAutomation.Opencart.SIT@48e1f6c7]" started-at="2024-12-21T16:20:17 IST" name="quit" finished-at="2024-12-21T16:20:17 IST" duration-ms="725" status="PASS">
          <reporter-output>
          </reporter-output>
        </test-method> <!-- quit -->
      </class> <!-- SeleniumAutomation.Opencart.SIT -->
    </test> <!-- Test4 -->
    <test started-at="2024-12-21T16:20:05 IST" name="Test2" finished-at="2024-12-21T16:20:20 IST" duration-ms="15184">
      <class name="SeleniumAutomation.Opencart.SIT">
        <test-method is-config="true" signature="initilize(org.testng.ITestContext)[pri:0, instance:SeleniumAutomation.Opencart.SIT@3cce5371]" started-at="2024-12-21T16:20:05 IST" name="initilize" finished-at="2024-12-21T16:20:10 IST" duration-ms="4804" status="PASS">
          <params>
            <param index="0">
              <value>
                <![CDATA[org.testng.TestRunner@17503f6b]]>
              </value>
            </param>
          </params>
          <reporter-output>
          </reporter-output>
        </test-method> <!-- initilize -->
        <test-method signature="searchBox(java.util.HashMap)[pri:0, instance:SeleniumAutomation.Opencart.SIT@3cce5371]" started-at="2024-12-21T16:20:10 IST" name="searchBox" data-provider="searchboxdata" finished-at="2024-12-21T16:20:20 IST" duration-ms="9872" status="PASS">
          <params>
            <param index="0">
              <value>
                <![CDATA[{product=iPod Classic}]]>
              </value>
            </param>
          </params>
          <reporter-output>
          </reporter-output>
        </test-method> <!-- searchBox -->
        <test-method is-config="true" signature="quit()[pri:0, instance:SeleniumAutomation.Opencart.SIT@3cce5371]" started-at="2024-12-21T16:20:20 IST" name="quit" finished-at="2024-12-21T16:20:20 IST" duration-ms="193" status="PASS">
          <reporter-output>
          </reporter-output>
        </test-method> <!-- quit -->
      </class> <!-- SeleniumAutomation.Opencart.SIT -->
    </test> <!-- Test2 -->
    <test started-at="2024-12-21T16:20:05 IST" name="Test" finished-at="2024-12-21T16:20:21 IST" duration-ms="16414">
      <class name="SeleniumAutomation.Opencart.SIT">
        <test-method is-config="true" signature="initilize(org.testng.ITestContext)[pri:0, instance:SeleniumAutomation.Opencart.SIT@1a75e76a]" started-at="2024-12-21T16:20:05 IST" name="initilize" finished-at="2024-12-21T16:20:10 IST" duration-ms="4972" status="PASS">
          <params>
            <param index="0">
              <value>
                <![CDATA[org.testng.TestRunner@2235eaab]]>
              </value>
            </param>
          </params>
          <reporter-output>
          </reporter-output>
        </test-method> <!-- initilize -->
        <test-method signature="placeorder(java.util.HashMap)[pri:0, instance:SeleniumAutomation.Opencart.SIT@1a75e76a]" started-at="2024-12-21T16:20:10 IST" name="placeorder" data-provider="readData" finished-at="2024-12-21T16:20:21 IST" duration-ms="10913" status="PASS">
          <params>
            <param index="0">
              <value>
                <![CDATA[{product=Nikon D300}]]>
              </value>
            </param>
          </params>
          <reporter-output>
          </reporter-output>
        </test-method> <!-- placeorder -->
        <test-method is-config="true" signature="quit()[pri:0, instance:SeleniumAutomation.Opencart.SIT@1a75e76a]" started-at="2024-12-21T16:20:21 IST" name="quit" finished-at="2024-12-21T16:20:21 IST" duration-ms="219" status="PASS">
          <reporter-output>
          </reporter-output>
        </test-method> <!-- quit -->
      </class> <!-- SeleniumAutomation.Opencart.SIT -->
    </test> <!-- Test -->
  </suite> <!-- Openacart -->
</testng-results>
